
> Configure project :app
WARNING: BuildType 'debug' is both debuggable and has 'isMinifyEnabled' set to true.
All code optimizations and obfuscation are disabled for debuggable builds.

> Task :ext:checkKotlinGradlePluginConfigurationErrors SKIPPED
> Task :ext:protobufDummy UP-TO-DATE
> Task :ext:extractIncludeProto UP-TO-DATE
> Task :ext:extractProto UP-TO-DATE
> Task :ext:generateProto UP-TO-DATE
> Task :ext:compileKotlin UP-TO-DATE
> Task :ext:compileJava UP-TO-DATE
> Task :ext:processResources UP-TO-DATE
> Task :ext:classes UP-TO-DATE
> Task :ext:jar UP-TO-DATE
> Task :ext:extractIncludeTestProto UP-TO-DATE
> Task :ext:extractTestProto UP-TO-DATE
> Task :ext:generateTestProto NO-SOURCE
> Task :ext:compileTestKotlin UP-TO-DATE
> Task :ext:compileTestJava NO-SOURCE
> Task :ext:processTestResources NO-SOURCE
> Task :ext:testClasses UP-TO-DATE

> Task :ext:test

LibraryTest > createPlaylist FAILED
    java.lang.Exception at LibraryTest.kt:55

LibraryTest > editablePlaylist FAILED
    dev.brahmkshatriya.echo.extension.spotify.Json$DecodeException at LibraryTest.kt:55
        Caused by: kotlinx.serialization.json.internal.JsonDecodingException at LibraryTest.kt:55

LibraryTest > testUser FAILED
    java.lang.Exception at LibraryTest.kt:55

LibraryTest > testLibrary FAILED
    java.lang.NullPointerException at LibraryTest.kt:55

LibraryTest > likeTrack FAILED
    dev.brahmkshatriya.echo.extension.spotify.Json$DecodeException at LibraryTest.kt:55
        Caused by: kotlinx.serialization.json.internal.JsonDecodingException at LibraryTest.kt:55

LibraryTest > trackShelves FAILED
    dev.brahmkshatriya.echo.extension.spotify.Json$DecodeException at LibraryTest.kt:55
        Caused by: kotlinx.serialization.json.internal.JsonDecodingException at LibraryTest.kt:55

LibraryTest > testCurrentUser FAILED
    dev.brahmkshatriya.echo.extension.spotify.Json$DecodeException at LibraryTest.kt:55
        Caused by: kotlinx.serialization.json.internal.JsonDecodingException at LibraryTest.kt:55

LibraryTest > editPlaylist FAILED
    java.lang.NullPointerException at LibraryTest.kt:55

LibraryTest > testHomeFeed FAILED
    java.lang.OutOfMemoryError at LibraryTest.kt:55

LibraryTest > testSongChange FAILED
    dev.brahmkshatriya.echo.extension.spotify.Json$DecodeException at LibraryTest.kt:55
        Caused by: kotlinx.serialization.json.internal.JsonDecodingException at LibraryTest.kt:55

LibraryTest > getTrack FAILED
    dev.brahmkshatriya.echo.extension.spotify.Json$DecodeException at LibraryTest.kt:55
        Caused by: kotlinx.serialization.json.internal.JsonDecodingException at LibraryTest.kt:55

21 tests completed, 11 failed

> Task :ext:test FAILED

[Incubating] Problems report is available at: file:///home/ubuntu/Spotify-extensi-n-echo/build/reports/problems/problems-report.html

FAILURE: Build failed with an exception.

* What went wrong:
Execution failed for task ':ext:test'.
> There were failing tests. See the report at: file:///home/ubuntu/Spotify-extensi-n-echo/ext/build/reports/tests/test/index.html

* Try:
> Run with --scan to get full insights from a Build Scan (powered by Develocity).

Deprecated Gradle features were used in this build, making it incompatible with Gradle 10.

You can use '--warning-mode all' to show the individual deprecation warnings and determine if they come from your own scripts or plugins.

For more on this, please refer to https://docs.gradle.org/9.3.0/userguide/command_line_interface.html#sec:command_line_warnings in the Gradle documentation.

BUILD FAILED in 46s
11 actionable tasks: 1 executed, 10 up-to-date
